	linux-vdso.so.1 (0x00007fff2e38e000)
	libgtk3-nocsd.so.0 => /usr/lib/x86_64-linux-gnu/libgtk3-nocsd.so.0 (0x00007febcbe4a000)
	libraylib.so.400 => /usr/local/lib/libraylib.so.400 (0x00007febcbcfb000)
	libGL.so.1 => /usr/lib/x86_64-linux-gnu/libGL.so.1 (0x00007febcbc67000)
	libm.so.6 => /lib/x86_64-linux-gnu/libm.so.6 (0x00007febcbae4000)
	libpthread.so.0 => /lib/x86_64-linux-gnu/libpthread.so.0 (0x00007febcbac3000)
	libdl.so.2 => /lib/x86_64-linux-gnu/libdl.so.2 (0x00007febcbabe000)
	librt.so.1 => /lib/x86_64-linux-gnu/librt.so.1 (0x00007febcbab2000)
	libX11.so.6 => /usr/lib/x86_64-linux-gnu/libX11.so.6 (0x00007febcb971000)
	libtyphoon.so => /usr/local/lib/libtyphoon.so (0x00007febcb959000)
	libc.so.6 => /lib/x86_64-linux-gnu/libc.so.6 (0x00007febcb798000)
	libglfw.so.3 => /usr/local/lib/libglfw.so.3 (0x00007febcb72a000)
	/lib64/ld-linux-x86-64.so.2 (0x00007febcc0d2000)
	libGLX.so.0 => /usr/lib/x86_64-linux-gnu/libGLX.so.0 (0x00007febcb6f6000)
	libGLdispatch.so.0 => /usr/lib/x86_64-linux-gnu/libGLdispatch.so.0 (0x00007febcb637000)
	libxcb.so.1 => /usr/lib/x86_64-linux-gnu/libxcb.so.1 (0x00007febcb60d000)
	libXext.so.6 => /usr/lib/x86_64-linux-gnu/libXext.so.6 (0x00007febcb3fb000)
	libXau.so.6 => /usr/lib/x86_64-linux-gnu/libXau.so.6 (0x00007febcb1f7000)
	libXdmcp.so.6 => /usr/lib/x86_64-linux-gnu/libXdmcp.so.6 (0x00007febcaff1000)
	libbsd.so.0 => /usr/lib/x86_64-linux-gnu/libbsd.so.0 (0x00007febcafd5000)
